Build started 2015/5/9 22:17:15.
     1>Project "C:\Users\bchen_000\Desktop\CS3113\Final Project\NYUCodebase\NYUCodebase\NYUCodebase.vcxproj" on node 2 (Build target(s)).
     1>ClCompile:
         C:\Program Files (x86)\Microsoft Visual Studio 12.0\VC\bin\CL.exe /c /IC:\SDL2\include /IC:\SDL2_image\include /IC:\SDL2_mixer\include /ZI /nologo /W3 /WX- /sdl /Od /Oy- /D _MBCS /Gm /EHsc /RTC1 /MDd /GS /fp:precise /Zc:wchar_t /Zc:forScope /Fo"Debug\\" /Fd"Debug\vc120.pdb" /Gd /TP /analyze- /errorReport:prompt main.cpp
         main.cpp
     1>c:\users\bchen_000\desktop\cs3113\final project\nyucodebase\nyucodebase\main.cpp(61): warning C4244: 'return' : conversion from 'double' to 'float', possible loss of data
     1>c:\users\bchen_000\desktop\cs3113\final project\nyucodebase\nyucodebase\main.cpp(90): warning C4018: '<' : signed/unsigned mismatch
     1>c:\users\bchen_000\desktop\cs3113\final project\nyucodebase\nyucodebase\main.cpp(288): warning C4018: '<' : signed/unsigned mismatch
     1>c:\users\bchen_000\desktop\cs3113\final project\nyucodebase\nyucodebase\main.cpp(307): warning C4244: 'argument' : conversion from 'double' to 'GLsizei', possible loss of data
     1>c:\users\bchen_000\desktop\cs3113\final project\nyucodebase\nyucodebase\main.cpp(419): warning C4018: '<' : signed/unsigned mismatch
     1>c:\users\bchen_000\desktop\cs3113\final project\nyucodebase\nyucodebase\main.cpp(566): warning C4244: 'initializing' : conversion from 'double' to 'GLfloat', possible loss of data
     1>c:\users\bchen_000\desktop\cs3113\final project\nyucodebase\nyucodebase\main.cpp(604): warning C4244: 'initializing' : conversion from 'double' to 'float', possible loss of data
     1>c:\users\bchen_000\desktop\cs3113\final project\nyucodebase\nyucodebase\main.cpp(611): warning C4244: 'initializing' : conversion from 'double' to 'float', possible loss of data
     1>c:\users\bchen_000\desktop\cs3113\final project\nyucodebase\nyucodebase\main.cpp(648): warning C4018: '<' : signed/unsigned mismatch
     1>c:\users\bchen_000\desktop\cs3113\final project\nyucodebase\nyucodebase\main.cpp(650): warning C4018: '<' : signed/unsigned mismatch
     1>c:\users\bchen_000\desktop\cs3113\final project\nyucodebase\nyucodebase\main.cpp(690): warning C4018: '<' : signed/unsigned mismatch
     1>c:\users\bchen_000\desktop\cs3113\final project\nyucodebase\nyucodebase\main.cpp(721): warning C4018: '<' : signed/unsigned mismatch
     1>c:\users\bchen_000\desktop\cs3113\final project\nyucodebase\nyucodebase\main.cpp(960): warning C4018: '<' : signed/unsigned mismatch
     1>c:\users\bchen_000\desktop\cs3113\final project\nyucodebase\nyucodebase\main.cpp(1095): warning C4018: '<' : signed/unsigned mismatch
     1>c:\users\bchen_000\desktop\cs3113\final project\nyucodebase\nyucodebase\main.cpp(1097): warning C4018: '<' : signed/unsigned mismatch
     1>c:\users\bchen_000\desktop\cs3113\final project\nyucodebase\nyucodebase\main.cpp(1116): warning C4018: '<' : signed/unsigned mismatch
     1>c:\users\bchen_000\desktop\cs3113\final project\nyucodebase\nyucodebase\main.cpp(1152): warning C4018: '<' : signed/unsigned mismatch
     1>c:\users\bchen_000\desktop\cs3113\final project\nyucodebase\nyucodebase\main.cpp(1178): warning C4305: '=' : truncation from 'double' to 'float'
     1>c:\users\bchen_000\desktop\cs3113\final project\nyucodebase\nyucodebase\main.cpp(1180): warning C4305: '=' : truncation from 'double' to 'float'
     1>c:\users\bchen_000\desktop\cs3113\final project\nyucodebase\nyucodebase\main.cpp(1182): warning C4305: '=' : truncation from 'double' to 'float'
     1>c:\users\bchen_000\desktop\cs3113\final project\nyucodebase\nyucodebase\main.cpp(1184): warning C4305: '=' : truncation from 'double' to 'float'
     1>c:\users\bchen_000\desktop\cs3113\final project\nyucodebase\nyucodebase\main.cpp(1554): warning C4018: '<' : signed/unsigned mismatch
     1>c:\users\bchen_000\desktop\cs3113\final project\nyucodebase\nyucodebase\main.cpp(1572): warning C4018: '<' : signed/unsigned mismatch
     1>c:\users\bchen_000\desktop\cs3113\final project\nyucodebase\nyucodebase\main.cpp(1597): warning C4305: 'argument' : truncation from 'double' to 'float'
     1>c:\users\bchen_000\desktop\cs3113\final project\nyucodebase\nyucodebase\main.cpp(1606): warning C4018: '<' : signed/unsigned mismatch
     1>c:\users\bchen_000\desktop\cs3113\final project\nyucodebase\nyucodebase\main.cpp(1633): warning C4305: 'argument' : truncation from 'double' to 'float'
     1>c:\users\bchen_000\desktop\cs3113\final project\nyucodebase\nyucodebase\main.cpp(1634): warning C4305: 'argument' : truncation from 'double' to 'float'
     1>c:\users\bchen_000\desktop\cs3113\final project\nyucodebase\nyucodebase\main.cpp(1635): warning C4305: 'argument' : truncation from 'double' to 'float'
     1>c:\users\bchen_000\desktop\cs3113\final project\nyucodebase\nyucodebase\main.cpp(1636): warning C4305: 'argument' : truncation from 'double' to 'float'
     1>c:\users\bchen_000\desktop\cs3113\final project\nyucodebase\nyucodebase\main.cpp(1640): warning C4305: '=' : truncation from 'double' to 'float'
     1>c:\users\bchen_000\desktop\cs3113\final project\nyucodebase\nyucodebase\main.cpp(1644): warning C4305: '=' : truncation from 'double' to 'float'
     1>c:\users\bchen_000\desktop\cs3113\final project\nyucodebase\nyucodebase\main.cpp(1658): warning C4018: '<' : signed/unsigned mismatch
     1>c:\users\bchen_000\desktop\cs3113\final project\nyucodebase\nyucodebase\main.cpp(1662): warning C4018: '<' : signed/unsigned mismatch
     1>c:\users\bchen_000\desktop\cs3113\final project\nyucodebase\nyucodebase\main.cpp(1666): warning C4018: '<' : signed/unsigned mismatch
     1>c:\users\bchen_000\desktop\cs3113\final project\nyucodebase\nyucodebase\main.cpp(1673): warning C4244: 'argument' : conversion from 'double' to 'float', possible loss of data
     1>c:\users\bchen_000\desktop\cs3113\final project\nyucodebase\nyucodebase\main.cpp(1676): warning C4244: 'argument' : conversion from 'double' to 'float', possible loss of data
     1>c:\users\bchen_000\desktop\cs3113\final project\nyucodebase\nyucodebase\main.cpp(1688): warning C4305: '=' : truncation from 'double' to 'float'
     1>c:\users\bchen_000\desktop\cs3113\final project\nyucodebase\nyucodebase\main.cpp(1690): warning C4305: '=' : truncation from 'double' to 'float'
     1>c:\users\bchen_000\desktop\cs3113\final project\nyucodebase\nyucodebase\main.cpp(1702): warning C4018: '<' : signed/unsigned mismatch
     1>c:\users\bchen_000\desktop\cs3113\final project\nyucodebase\nyucodebase\main.cpp(1707): warning C4018: '<' : signed/unsigned mismatch
     1>c:\users\bchen_000\desktop\cs3113\final project\nyucodebase\nyucodebase\main.cpp(1711): warning C4018: '<' : signed/unsigned mismatch
     1>c:\users\bchen_000\desktop\cs3113\final project\nyucodebase\nyucodebase\main.cpp(1716): warning C4018: '<' : signed/unsigned mismatch
     1>c:\users\bchen_000\desktop\cs3113\final project\nyucodebase\nyucodebase\main.cpp(1718): warning C4244: 'argument' : conversion from 'double' to 'float', possible loss of data
     1>c:\users\bchen_000\desktop\cs3113\final project\nyucodebase\nyucodebase\main.cpp(1722): warning C4244: 'argument' : conversion from 'double' to 'float', possible loss of data
     1>c:\users\bchen_000\desktop\cs3113\final project\nyucodebase\nyucodebase\main.cpp(1729): warning C4018: '<' : signed/unsigned mismatch
     1>c:\users\bchen_000\desktop\cs3113\final project\nyucodebase\nyucodebase\main.cpp(1738): warning C4018: '<' : signed/unsigned mismatch
     1>c:\users\bchen_000\desktop\cs3113\final project\nyucodebase\nyucodebase\main.cpp(1748): warning C4244: 'argument' : conversion from 'double' to 'float', possible loss of data
     1>c:\users\bchen_000\desktop\cs3113\final project\nyucodebase\nyucodebase\main.cpp(1759): warning C4018: '<' : signed/unsigned mismatch
     1>c:\users\bchen_000\desktop\cs3113\final project\nyucodebase\nyucodebase\main.cpp(1769): warning C4244: 'argument' : conversion from 'double' to 'float', possible loss of data
     1>c:\users\bchen_000\desktop\cs3113\final project\nyucodebase\nyucodebase\main.cpp(1780): warning C4018: '<' : signed/unsigned mismatch
     1>c:\users\bchen_000\desktop\cs3113\final project\nyucodebase\nyucodebase\main.cpp(1790): warning C4244: 'argument' : conversion from 'double' to 'float', possible loss of data
     1>c:\users\bchen_000\desktop\cs3113\final project\nyucodebase\nyucodebase\main.cpp(1792): warning C4018: '<' : signed/unsigned mismatch
     1>c:\users\bchen_000\desktop\cs3113\final project\nyucodebase\nyucodebase\main.cpp(1820): warning C4018: '<' : signed/unsigned mismatch
     1>c:\users\bchen_000\desktop\cs3113\final project\nyucodebase\nyucodebase\main.cpp(1830): warning C4244: 'argument' : conversion from 'double' to 'float', possible loss of data
     1>c:\users\bchen_000\desktop\cs3113\final project\nyucodebase\nyucodebase\main.cpp(1841): warning C4018: '<=' : signed/unsigned mismatch
     1>c:\users\bchen_000\desktop\cs3113\final project\nyucodebase\nyucodebase\main.cpp(1845): warning C4244: '=' : conversion from 'double' to 'float', possible loss of data
     1>c:\users\bchen_000\desktop\cs3113\final project\nyucodebase\nyucodebase\main.cpp(1853): warning C4018: '<=' : signed/unsigned mismatch
     1>c:\users\bchen_000\desktop\cs3113\final project\nyucodebase\nyucodebase\main.cpp(1857): warning C4244: '=' : conversion from 'double' to 'float', possible loss of data
     1>c:\users\bchen_000\desktop\cs3113\final project\nyucodebase\nyucodebase\main.cpp(1865): warning C4018: '<=' : signed/unsigned mismatch
     1>c:\users\bchen_000\desktop\cs3113\final project\nyucodebase\nyucodebase\main.cpp(1869): warning C4244: '=' : conversion from 'double' to 'float', possible loss of data
     1>c:\users\bchen_000\desktop\cs3113\final project\nyucodebase\nyucodebase\main.cpp(1876): warning C4018: '<' : signed/unsigned mismatch
     1>c:\users\bchen_000\desktop\cs3113\final project\nyucodebase\nyucodebase\main.cpp(1917): warning C4244: 'argument' : conversion from 'double' to 'float', possible loss of data
     1>c:\users\bchen_000\desktop\cs3113\final project\nyucodebase\nyucodebase\main.cpp(1918): warning C4244: 'argument' : conversion from 'double' to 'float', possible loss of data
     1>c:\users\bchen_000\desktop\cs3113\final project\nyucodebase\nyucodebase\main.cpp(1923): warning C4244: 'argument' : conversion from 'double' to 'float', possible loss of data
     1>c:\users\bchen_000\desktop\cs3113\final project\nyucodebase\nyucodebase\main.cpp(1924): warning C4244: 'argument' : conversion from 'double' to 'float', possible loss of data
     1>c:\users\bchen_000\desktop\cs3113\final project\nyucodebase\nyucodebase\main.cpp(1929): warning C4244: 'argument' : conversion from 'double' to 'float', possible loss of data
     1>c:\users\bchen_000\desktop\cs3113\final project\nyucodebase\nyucodebase\main.cpp(1930): warning C4244: 'argument' : conversion from 'double' to 'float', possible loss of data
     1>c:\users\bchen_000\desktop\cs3113\final project\nyucodebase\nyucodebase\main.cpp(1935): warning C4244: 'argument' : conversion from 'double' to 'float', possible loss of data
     1>c:\users\bchen_000\desktop\cs3113\final project\nyucodebase\nyucodebase\main.cpp(1936): warning C4244: 'argument' : conversion from 'double' to 'float', possible loss of data
     1>c:\users\bchen_000\desktop\cs3113\final project\nyucodebase\nyucodebase\main.cpp(1941): warning C4244: 'argument' : conversion from 'double' to 'float', possible loss of data
     1>c:\users\bchen_000\desktop\cs3113\final project\nyucodebase\nyucodebase\main.cpp(1942): warning C4244: 'argument' : conversion from 'double' to 'float', possible loss of data
       Link:
         C:\Program Files (x86)\Microsoft Visual Studio 12.0\VC\bin\link.exe /ERRORREPORT:PROMPT /OUT:"C:\Users\bchen_000\Desktop\CS3113\Final Project\NYUCodebase\Debug\NYUCodebase.exe" /INCREMENTAL /NOLOGO /LIBPATH:C:\SDL2_mixer\lib\x86 SDL2.lib SDL2main.lib SDL2_image.lib OpenGL32.lib SDL2_mixer.lib /MANIFEST /MANIFESTUAC:"level='asInvoker' uiAccess='false'" /manifest:embed /DEBUG /PDB:"C:\Users\bchen_000\Desktop\CS3113\Final Project\NYUCodebase\Debug\NYUCodebase.pdb" /SUBSYSTEM:WINDOWS /TLBID:1 /DYNAMICBASE /NXCOMPAT /IMPLIB:"C:\Users\bchen_000\Desktop\CS3113\Final Project\NYUCodebase\Debug\NYUCodebase.lib" /MACHINE:X86 Debug\main.obj
         NYUCodebase.vcxproj -> C:\Users\bchen_000\Desktop\CS3113\Final Project\NYUCodebase\Debug\NYUCodebase.exe
     1>Done Building Project "C:\Users\bchen_000\Desktop\CS3113\Final Project\NYUCodebase\NYUCodebase\NYUCodebase.vcxproj" (Build target(s)).

Build succeeded.

Time Elapsed 00:00:01.45
